e:\winodwshook\windowssecurityguard\securitycore\debug\securitycore.pch
e:\winodwshook\windowssecurityguard\debug\securitycore.pdb
e:\winodwshook\windowssecurityguard\debug\securitycore.idb
e:\winodwshook\windowssecurityguard\securitycore\debug\pch.obj
e:\winodwshook\windowssecurityguard\securitycore\debug\virtualmemorywrapper.obj
e:\winodwshook\windowssecurityguard\securitycore\debug\stringutils.obj
e:\winodwshook\windowssecurityguard\securitycore\debug\securitycore.obj
e:\winodwshook\windowssecurityguard\securitycore\debug\processutils.obj
e:\winodwshook\windowssecurityguard\securitycore\debug\processinjectionmanager.obj
e:\winodwshook\windowssecurityguard\securitycore\debug\peutils.obj
e:\winodwshook\windowssecurityguard\securitycore\debug\memoryutils.obj
e:\winodwshook\windowssecurityguard\securitycore\debug\logger.obj
e:\winodwshook\windowssecurityguard\securitycore\debug\injectionstrategies.obj
e:\winodwshook\windowssecurityguard\debug\securitycore.lib
e:\winodwshook\windowssecurityguard\securitycore\debug\securitycore.tlog\cl.command.1.tlog
e:\winodwshook\windowssecurityguard\securitycore\debug\securitycore.tlog\cl.items.tlog
e:\winodwshook\windowssecurityguard\securitycore\debug\securitycore.tlog\cl.read.1.tlog
e:\winodwshook\windowssecurityguard\securitycore\debug\securitycore.tlog\cl.write.1.tlog
e:\winodwshook\windowssecurityguard\securitycore\debug\securitycore.tlog\lib-link.write.1.tlog
e:\winodwshook\windowssecurityguard\securitycore\debug\securitycore.tlog\lib.command.1.tlog
e:\winodwshook\windowssecurityguard\securitycore\debug\securitycore.tlog\lib.read.1.tlog
